<?xml version="1.0" encoding="UTF-8"?>
<!-- Generated by org.testng.reporters.JUnitXMLReporter -->
<testsuite ignored="0" hostname="IN1LT1496" failures="0" tests="3" name="Default test" time="9.222" errors="0" timestamp="05 Feb 2021 04:08:37 GMT">
  <testcase classname="com.DigitalNiravan.TestRunner" name="tc1" time="0.825"/>
  <testcase classname="com.DigitalNiravan.TestRunner" name="tc2" time="0.002"/>
  <testcase classname="com.DigitalNiravan.TestRunner" name="tc3" time="0.002"/>
</testsuite> <!-- Default test -->
