<?xml version="1.0" encoding="UTF-8"?>
<!-- Generated by org.testng.reporters.JUnitXMLReporter -->
<testsuite ignored="0" hostname="IN1LT1496" failures="1" tests="1" name="Test" time="16.475" errors="0" timestamp="28 Jan 2021 15:39:28 GMT">
  <testcase classname="reporting.Logintest" name="@AfterMethod capturescreen" time="0.508">
    <failure type="java.io.FileNotFoundException" message="Source &amp;apos;C:\Users\dorababu.c\eclipse-workspace\TestResource\ScreenShots\org.png&amp;apos; does not exist">
      <![CDATA[java.io.FileNotFoundException: Source 'C:\Users\dorababu.c\eclipse-workspace\TestResource\ScreenShots\org.png' does not exist
	at org.apache.commons.io.FileUtils.copyDirectory(FileUtils.java:776)
	at org.apache.commons.io.FileUtils.copyDirectory(FileUtils.java:744)
	at reporting.Logintest.capturescreen(Logintest.java:52)
... Removed 27 stack frames]]>
    </failure>
  </testcase> <!-- @AfterMethod capturescreen -->
  <testcase classname="reporting.Logintest" name="@AfterClass closebowser" time="0.0">
    <skipped/>
  </testcase> <!-- @AfterClass closebowser -->
  <testcase classname="reporting.Logintest" name="logintest" time="1.051">
    <failure type="java.lang.AssertionError" message="expected [false] but found [true]">
      <![CDATA[java.lang.AssertionError: expected [false] but found [true]
	at reporting.Logintest.logintest(Logintest.java:38)
... Removed 31 stack frames]]>
    </failure>
  </testcase> <!-- logintest -->
</testsuite> <!-- Test -->
