<?xml version="1.0" encoding="UTF-8"?>
<!-- Generated by org.testng.reporters.JUnitXMLReporter -->
<testsuite ignored="0" hostname="IN1LT1496" failures="1" tests="3" name="TestClass" time="0.052" errors="0" timestamp="28 Jan 2021 09:44:46 GMT">
  <testcase classname="org.listentest.TestClass" name="loginbyemail" time="0.015">
    <failure type="java.lang.AssertionError" message="expected [true] but found [false]">
      <![CDATA[java.lang.AssertionError: expected [true] but found [false]
	at org.listentest.TestClass.loginbyemail(TestClass.java:16)
... Removed 29 stack frames]]>
    </failure>
  </testcase> <!-- loginbyemail -->
  <testcase classname="org.listentest.TestClass" name="setup" time="0.002"/>
  <testcase classname="org.listentest.TestClass" name="loginbyid" time="0.0">
    <skipped/>
  </testcase> <!-- loginbyid -->
</testsuite> <!-- TestClass -->
