<?xml version="1.0" encoding="UTF-8"?>
<testng-results ignored="0" total="3" passed="3" failed="0" skipped="0">
  <reporter-output>
  </reporter-output>
  <suite started-at="2021-02-05T04:08:28Z" name="Default suite" finished-at="2021-02-05T04:08:37Z" duration-ms="9222">
    <groups>
    </groups>
    <test started-at="2021-02-05T04:08:28Z" name="Default test" finished-at="2021-02-05T04:08:37Z" duration-ms="9222">
      <class name="com.DigitalNiravan.TestRunner">
        <test-method is-config="true" signature="setExtent()[pri:0, instance:com.DigitalNiravan.TestRunner@20ca951f]" started-at="2021-02-05T09:38:28Z" name="setExtent" finished-at="2021-02-05T09:38:28Z" duration-ms="229" status="PASS">
          <reporter-output>
          </reporter-output>
        </test-method> <!-- setExtent -->
        <test-method is-config="true" signature="OpenBrowser()[pri:0, instance:com.DigitalNiravan.TestRunner@20ca951f]" started-at="2021-02-05T09:38:28Z" name="OpenBrowser" finished-at="2021-02-05T09:38:35Z" duration-ms="7112" status="PASS">
          <reporter-output>
          </reporter-output>
        </test-method> <!-- OpenBrowser -->
        <test-method signature="tc1()[pri:0, instance:com.DigitalNiravan.TestRunner@20ca951f]" started-at="2021-02-05T09:38:35Z" name="tc1" finished-at="2021-02-05T09:38:36Z" duration-ms="825" status="PASS">
          <reporter-output>
          </reporter-output>
        </test-method> <!-- tc1 -->
        <test-method signature="tc2()[pri:0, instance:com.DigitalNiravan.TestRunner@20ca951f]" started-at="2021-02-05T09:38:36Z" name="tc2" finished-at="2021-02-05T09:38:36Z" duration-ms="2" status="PASS">
          <reporter-output>
          </reporter-output>
        </test-method> <!-- tc2 -->
        <test-method signature="tc3()[pri:0, instance:com.DigitalNiravan.TestRunner@20ca951f]" started-at="2021-02-05T09:38:36Z" name="tc3" finished-at="2021-02-05T09:38:36Z" duration-ms="2" status="PASS">
          <reporter-output>
          </reporter-output>
        </test-method> <!-- tc3 -->
        <test-method is-config="true" signature="closebrowser()[pri:0, instance:com.DigitalNiravan.TestRunner@20ca951f]" started-at="2021-02-05T09:38:36Z" name="closebrowser" finished-at="2021-02-05T09:38:37Z" duration-ms="703" status="PASS">
          <reporter-output>
          </reporter-output>
        </test-method> <!-- closebrowser -->
        <test-method is-config="true" signature="endReport()[pri:0, instance:com.DigitalNiravan.TestRunner@20ca951f]" started-at="2021-02-05T09:38:37Z" name="endReport" finished-at="2021-02-05T09:38:37Z" duration-ms="304" status="PASS">
          <reporter-output>
          </reporter-output>
        </test-method> <!-- endReport -->
      </class> <!-- com.DigitalNiravan.TestRunner -->
    </test> <!-- Default test -->
  </suite> <!-- Default suite -->
</testng-results>
